# JRE version: OpenJDK Runtime Environment Temurin-18.0.1+10 (18.0.1+10) (build 18.0.1+10)
# Java VM: OpenJDK 64-Bit Server VM Temurin-18.0.1+10 (18.0.1+10, mixed mode, emulated-client, tiered, compressed oops, compressed class ptrs, g1 gc, windows-amd64)
GC Precious Log:
 CardTable entry size: 512
 Card Set container configuration: InlinePtr #cards 5 size 8 Array Of Cards #cards 12 size 40 Howl #buckets 4 coarsen threshold 1843 Howl Bitmap #cards 512 size 80 coarsen threshold 460 Card regions per heap region 1 cards per card region 2048
 CPUs: 8 total, 8 available
 Memory: 8040M
 Large Page Support: Disabled
 NUMA Support: Disabled
 Compressed Oops: Enabled (32-bit)
 Heap Region Size: 1M
 Heap Min Capacity: 8M
 Heap Initial Capacity: 126M
 Heap Max Capacity: 2012M
 Pre-touch: Disabled
 Parallel Workers: 8
 Concurrent Workers: 2
 Concurrent Refinement Workers: 8
 Periodic GC: Disabled
Heap:
 garbage-first heap   total 84992K, used 44010K [0x0000000082400000, 0x0000000100000000)
  region size 1024K, 12 young (12288K), 2 survivors (2048K)
 Metaspace       used 75750K, committed 76288K, reserved 1179648K
  class space    used 9795K, committed 10048K, reserved 1048576K
GC Heap History (20 events):
Event: 244.980 GC heap after
{Heap after GC invocations=32 (full 2):
 garbage-first heap   total 84992K, used 26608K [0x0000000082400000, 0x0000000100000000)
  region size 1024K, 0 young (0K), 0 survivors (0K)
 Metaspace       used 74683K, committed 75520K, reserved 1179648K
  class space    used 9675K, committed 9984K, reserved 1048576K
}
Event: 245.613 GC heap before
{Heap before GC invocations=32 (full 2):
 garbage-first heap   total 84992K, used 65520K [0x0000000082400000, 0x0000000100000000)
  region size 1024K, 38 young (38912K), 0 survivors (0K)
 Metaspace       used 74861K, committed 75520K, reserved 1179648K
  class space    used 9706K, committed 9984K, reserved 1048576K
}
Event: 245.616 GC heap after
{Heap after GC invocations=33 (full 2):
 garbage-first heap   total 84992K, used 29801K [0x0000000082400000, 0x0000000100000000)
  region size 1024K, 4 young (4096K), 4 survivors (4096K)
 Metaspace       used 74861K, committed 75520K, reserved 1179648K
  class space    used 9706K, committed 9984K, reserved 1048576K
}
Event: 251.285 GC heap before
{Heap before GC invocations=33 (full 2):
 garbage-first heap   total 84992K, used 64617K [0x0000000082400000, 0x0000000100000000)
  region size 1024K, 38 young (38912K), 4 survivors (4096K)
 Metaspace       used 75079K, committed 75584K, reserved 1179648K
  class space    used 9727K, committed 9984K, reserved 1048576K
}
Event: 251.289 GC heap after
{Heap after GC invocations=34 (full 2):
 garbage-first heap   total 84992K, used 32302K [0x0000000082400000, 0x0000000100000000)
  region size 1024K, 3 young (3072K), 3 survivors (3072K)
 Metaspace       used 75079K, committed 75584K, reserved 1179648K
  class space    used 9727K, committed 9984K, reserved 1048576K
}
Event: 252.141 GC heap before
{Heap before GC invocations=34 (full 2):
 garbage-first heap   total 84992K, used 65070K [0x0000000082400000, 0x0000000100000000)
  region size 1024K, 35 young (35840K), 3 survivors (3072K)
 Metaspace       used 75225K, committed 75776K, reserved 1179648K
  class space    used 9739K, committed 9984K, reserved 1048576K
}
Event: 252.144 GC heap after
{Heap after GC invocations=35 (full 2):
 garbage-first heap   total 84992K, used 33550K [0x0000000082400000, 0x0000000100000000)
  region size 1024K, 4 young (4096K), 4 survivors (4096K)
 Metaspace       used 75225K, committed 75776K, reserved 1179648K
  class space    used 9739K, committed 9984K, reserved 1048576K
}
Event: 382.284 GC heap before
{Heap before GC invocations=35 (full 2):
 garbage-first heap   total 84992K, used 51982K [0x0000000082400000, 0x0000000100000000)
  region size 1024K, 23 young (23552K), 4 survivors (4096K)
 Metaspace       used 75265K, committed 75776K, reserved 1179648K
  class space    used 9744K, committed 9984K, reserved 1048576K
}
Event: 382.345 GC heap after
{Heap after GC invocations=36 (full 3):
 garbage-first heap   total 84992K, used 27461K [0x0000000082400000, 0x0000000100000000)
  region size 1024K, 0 young (0K), 0 survivors (0K)
 Metaspace       used 75263K, committed 75776K, reserved 1179648K
  class space    used 9744K, committed 9984K, reserved 1048576K
}
Event: 382.882 GC heap before
{Heap before GC invocations=36 (full 3):
 garbage-first heap   total 84992K, used 64325K [0x0000000082400000, 0x0000000100000000)
  region size 1024K, 37 young (37888K), 0 survivors (0K)
 Metaspace       used 75411K, committed 75904K, reserved 1179648K
  class space    used 9769K, committed 9984K, reserved 1048576K
}
Event: 382.884 GC heap after
{Heap after GC invocations=37 (full 3):
 garbage-first heap   total 84992K, used 30522K [0x0000000082400000, 0x0000000100000000)
  region size 1024K, 3 young (3072K), 3 survivors (3072K)
 Metaspace       used 75411K, committed 75904K, reserved 1179648K
  class space    used 9769K, committed 9984K, reserved 1048576K
}
Event: 390.585 GC heap before
{Heap before GC invocations=37 (full 3):
 garbage-first heap   total 84992K, used 65338K [0x0000000082400000, 0x0000000100000000)
  region size 1024K, 37 young (37888K), 3 survivors (3072K)
 Metaspace       used 75599K, committed 76096K, reserved 1179648K
  class space    used 9782K, committed 9984K, reserved 1048576K
}
Event: 390.588 GC heap after
{Heap after GC invocations=38 (full 3):
 garbage-first heap   total 84992K, used 32554K [0x0000000082400000, 0x0000000100000000)
  region size 1024K, 3 young (3072K), 3 survivors (3072K)
 Metaspace       used 75599K, committed 76096K, reserved 1179648K
  class space    used 9782K, committed 9984K, reserved 1048576K
}
Event: 402.878 GC heap before
{Heap before GC invocations=38 (full 3):
 garbage-first heap   total 84992K, used 65322K [0x0000000082400000, 0x0000000100000000)
  region size 1024K, 35 young (35840K), 3 survivors (3072K)
 Metaspace       used 75740K, committed 76224K, reserved 1179648K
  class space    used 9793K, committed 9984K, reserved 1048576K
}
Event: 402.881 GC heap after
{Heap after GC invocations=39 (full 3):
 garbage-first heap   total 84992K, used 34008K [0x0000000082400000, 0x0000000100000000)
  region size 1024K, 4 young (4096K), 4 survivors (4096K)
 Metaspace       used 75740K, committed 76224K, reserved 1179648K
  class space    used 9793K, committed 9984K, reserved 1048576K
}
Event: 715.755 GC heap before
{Heap before GC invocations=39 (full 3):
 garbage-first heap   total 84992K, used 65752K [0x0000000082400000, 0x0000000100000000)
  region size 1024K, 35 young (35840K), 4 survivors (4096K)
 Metaspace       used 75740K, committed 76224K, reserved 1179648K
  class space    used 9793K, committed 9984K, reserved 1048576K
}
Event: 715.763 GC heap after
{Heap after GC invocations=40 (full 3):
 garbage-first heap   total 84992K, used 34167K [0x0000000082400000, 0x0000000100000000)
  region size 1024K, 2 young (2048K), 2 survivors (2048K)
 Metaspace       used 75740K, committed 76224K, reserved 1179648K
  class space    used 9793K, committed 9984K, reserved 1048576K
}
Event: 1043.709 GC heap before
{Heap before GC invocations=40 (full 3):
 garbage-first heap   total 84992K, used 66935K [0x0000000082400000, 0x0000000100000000)
  region size 1024K, 34 young (34816K), 2 survivors (2048K)
 Metaspace       used 75740K, committed 76224K, reserved 1179648K
  class space    used 9793K, committed 9984K, reserved 1048576K
}
Event: 1043.715 GC heap after
{Heap after GC invocations=41 (full 3):
 garbage-first heap   total 84992K, used 34028K [0x0000000082400000, 0x0000000100000000)
  region size 1024K, 2 young (2048K), 2 survivors (2048K)
 Metaspace       used 75740K, committed 76224K, reserved 1179648K
  class space    used 9793K, committed 9984K, reserved 1048576K
}
Event: 1131.946 GC heap before
{Heap before GC invocations=41 (full 3):
 garbage-first heap   total 84992K, used 43244K [0x0000000082400000, 0x0000000100000000)
  region size 1024K, 12 young (12288K), 2 survivors (2048K)
 Metaspace       used 75750K, committed 76288K, reserved 1179648K
  class space    used 9795K, committed 10048K, reserved 1048576K
}

